\BOOKMARK [0][-]{chapter.1}{\376\377\000C\000o\000n\000t\000e\000x\000t\000o}{}% 1
\BOOKMARK [1][-]{section.1.1}{\376\377\000I\000n\000t\000r\000o\000d\000u\000c\000c\000i\000\363\000n}{chapter.1}% 2
\BOOKMARK [1][-]{section.1.2}{\376\377\000D\000e\000f\000i\000n\000i\000c\000i\000\363\000n\000\040\000d\000e\000\040\000c\000o\000n\000c\000e\000p\000t\000o\000s}{chapter.1}% 3
\BOOKMARK [1][-]{section.1.3}{\376\377\000I\000d\000e\000n\000t\000i\000f\000i\000c\000a\000c\000i\000\363\000n\000\040\000d\000e\000l\000\040\000p\000r\000o\000b\000l\000e\000m\000a}{chapter.1}% 4
\BOOKMARK [1][-]{section.1.4}{\376\377\000A\000c\000t\000o\000r\000e\000s\000\040\000i\000m\000p\000l\000i\000c\000a\000d\000o\000s}{chapter.1}% 5
\BOOKMARK [0][-]{chapter.2}{\376\377\000J\000u\000s\000t\000i\000f\000i\000c\000a\000c\000i\000\363\000n}{}% 6
\BOOKMARK [0][-]{chapter.3}{\376\377\000A\000l\000c\000a\000n\000c\000e}{}% 7
\BOOKMARK [1][-]{section.3.1}{\376\377\000O\000b\000j\000e\000t\000i\000v\000o\000s}{chapter.3}% 8
\BOOKMARK [1][-]{section.3.2}{\376\377\000S\000u\000b\000-\000o\000b\000j\000e\000t\000i\000v\000o\000s}{chapter.3}% 9
\BOOKMARK [1][-]{section.3.3}{\376\377\000R\000e\000q\000u\000e\000r\000i\000m\000i\000e\000n\000t\000o\000s}{chapter.3}% 10
\BOOKMARK [2][-]{subsection.3.3.1}{\376\377\000R\000e\000q\000u\000e\000r\000i\000m\000i\000e\000n\000t\000o\000s\000\040\000f\000u\000n\000c\000i\000o\000n\000a\000l\000e\000s}{section.3.3}% 11
\BOOKMARK [2][-]{subsection.3.3.2}{\376\377\000R\000e\000q\000u\000e\000r\000i\000m\000i\000e\000n\000t\000o\000s\000\040\000n\000o\000\040\000f\000u\000n\000c\000i\000o\000n\000a\000l\000e\000s}{section.3.3}% 12
\BOOKMARK [1][-]{section.3.4}{\376\377\000P\000o\000s\000i\000b\000l\000e\000s\000\040\000o\000b\000s\000t\000\341\000c\000u\000l\000o\000s\000\040\000i\000\040\000r\000i\000e\000s\000g\000o\000s}{chapter.3}% 13
\BOOKMARK [1][-]{section.3.5}{\376\377\000C\000o\000m\000p\000e\000t\000e\000n\000c\000i\000a\000s\000\040\000t\000\351\000c\000n\000i\000c\000a\000s}{chapter.3}% 14
\BOOKMARK [0][-]{chapter.4}{\376\377\000M\000e\000t\000o\000d\000o\000l\000o\000g\000\355\000a\000\040\000y\000\040\000r\000i\000g\000o\000r}{}% 15
\BOOKMARK [1][-]{section.4.1}{\376\377\000H\000e\000r\000r\000a\000m\000i\000e\000n\000t\000a\000s}{chapter.4}% 16
\BOOKMARK [0][-]{chapter.5}{\376\377\000D\000e\000s\000c\000r\000i\000p\000c\000i\000\363\000n\000\040\000d\000e\000\040\000l\000a\000s\000\040\000t\000a\000r\000e\000a\000s}{}% 17
\BOOKMARK [1][-]{section.5.1}{\376\377\000I\000n\000t\000r\000o\000d\000u\000c\000c\000i\000\363\000n}{chapter.5}% 18
\BOOKMARK [1][-]{section.5.2}{\376\377\000T\000a\000r\000e\000a\000s}{chapter.5}% 19
\BOOKMARK [2][-]{subsection.5.2.1}{\376\377\000G\000e\000s\000t\000i\000\363\000n\000\040\000d\000e\000l\000\040\000P\000r\000o\000y\000e\000c\000t\000o}{section.5.2}% 20
\BOOKMARK [2][-]{subsection.5.2.2}{\376\377\000E\000s\000t\000u\000d\000i\000o\000\040\000P\000r\000e\000v\000i\000o}{section.5.2}% 21
\BOOKMARK [2][-]{subsection.5.2.3}{\376\377\000D\000e\000s\000a\000r\000r\000o\000l\000l\000o\000\040\000H\000a\000r\000d\000w\000a\000r\000e}{section.5.2}% 22
\BOOKMARK [2][-]{subsection.5.2.4}{\376\377\000D\000e\000s\000a\000r\000r\000o\000l\000l\000o\000\040\000F\000i\000r\000m\000w\000a\000r\000e}{section.5.2}% 23
\BOOKMARK [2][-]{subsection.5.2.5}{\376\377\000P\000r\000u\000e\000b\000a\000s\000\040\000y\000\040\000V\000a\000l\000i\000d\000a\000c\000i\000\363\000n}{section.5.2}% 24
\BOOKMARK [2][-]{subsection.5.2.6}{\376\377\000D\000o\000c\000u\000m\000e\000n\000t\000a\000c\000i\000\363\000n}{section.5.2}% 25
\BOOKMARK [1][-]{section.5.3}{\376\377\000R\000e\000c\000u\000r\000s\000o\000s}{chapter.5}% 26
\BOOKMARK [2][-]{subsection.5.3.1}{\376\377\000R\000e\000c\000u\000r\000s\000o\000s\000\040\000h\000u\000m\000a\000n\000o\000s}{section.5.3}% 27
\BOOKMARK [2][-]{subsection.5.3.2}{\376\377\000R\000e\000c\000u\000r\000s\000o\000s\000\040\000m\000a\000t\000e\000r\000i\000a\000l\000e\000s}{section.5.3}% 28
\BOOKMARK [2][-]{subsection.5.3.3}{\376\377\000R\000e\000c\000u\000r\000s\000o\000s\000\040\000d\000i\000g\000i\000t\000a\000l\000e\000s}{section.5.3}% 29
\BOOKMARK [0][-]{chapter.6}{\376\377\000E\000s\000t\000i\000m\000a\000c\000i\000o\000n\000e\000s\000\040\000y\000\040\000G\000a\000n\000t\000t}{}% 30
\BOOKMARK [0][-]{chapter.7}{\376\377\000G\000e\000s\000t\000i\000\363\000n\000\040\000d\000e\000\040\000r\000i\000e\000s\000g\000o\000s\000:\000\040\000P\000l\000a\000n\000e\000s\000\040\000a\000l\000t\000e\000r\000n\000a\000t\000i\000v\000o\000s\000\040\000y\000\040\000o\000b\000s\000t\000\341\000c\000u\000l\000o\000s}{}% 31
\BOOKMARK [0][-]{chapter.8}{\376\377\000P\000r\000e\000s\000u\000p\000u\000e\000s\000t\000o}{}% 32
\BOOKMARK [1][-]{section.8.1}{\376\377\000I\000d\000e\000n\000t\000i\000f\000i\000c\000a\000c\000i\000\363\000n\000\040\000d\000e\000\040\000c\000o\000s\000t\000e\000s}{chapter.8}% 33
\BOOKMARK [2][-]{subsection.8.1.1}{\376\377\000R\000e\000c\000u\000r\000s\000o\000s\000\040\000h\000u\000m\000a\000n\000o\000s}{section.8.1}% 34
\BOOKMARK [2][-]{subsection.8.1.2}{\376\377\000H\000a\000r\000d\000w\000a\000r\000e}{section.8.1}% 35
\BOOKMARK [2][-]{subsection.8.1.3}{\376\377\000S\000o\000f\000t\000w\000a\000r\000e}{section.8.1}% 36
\BOOKMARK [2][-]{subsection.8.1.4}{\376\377\000G\000a\000s\000t\000o\000s\000\040\000g\000e\000n\000e\000r\000a\000l\000e\000s}{section.8.1}% 37
\BOOKMARK [1][-]{section.8.2}{\376\377\000E\000s\000t\000i\000m\000a\000c\000i\000\363\000n\000\040\000d\000e\000\040\000c\000o\000s\000t\000e\000s}{chapter.8}% 38
\BOOKMARK [1][-]{section.8.3}{\376\377\000C\000o\000n\000t\000r\000o\000l\000\040\000d\000e\000\040\000g\000e\000s\000t\000i\000\363\000n}{chapter.8}% 39
\BOOKMARK [0][-]{chapter.9}{\376\377\000I\000n\000f\000o\000r\000m\000e\000\040\000d\000e\000\040\000s\000o\000s\000t\000e\000n\000i\000b\000i\000l\000i\000d\000a\000d}{}% 40
\BOOKMARK [1][-]{section.9.1}{\376\377\000A\000u\000t\000o\000e\000v\000a\000l\000u\000a\000c\000i\000\363\000n}{chapter.9}% 41
\BOOKMARK [1][-]{section.9.2}{\376\377\000D\000i\000m\000e\000n\000s\000i\000\363\000n\000\040\000E\000c\000o\000n\000\363\000m\000i\000c\000a}{chapter.9}% 42
\BOOKMARK [1][-]{section.9.3}{\376\377\000D\000i\000m\000e\000n\000s\000i\000\363\000n\000\040\000A\000m\000b\000i\000e\000n\000t\000a\000l}{chapter.9}% 43
\BOOKMARK [1][-]{section.9.4}{\376\377\000D\000i\000m\000e\000n\000s\000i\000\363\000n\000\040\000S\000o\000c\000i\000a\000l}{chapter.9}% 44
\BOOKMARK [0][-]{chapter.10}{\376\377\000D\000i\000s\000e\000\361\000o\000\040\000d\000e\000l\000\040\000s\000i\000s\000t\000e\000m\000a}{}% 45
\BOOKMARK [1][-]{section.10.1}{\376\377\000A\000r\000q\000u\000i\000t\000e\000c\000t\000u\000r\000a\000\040\000d\000e\000l\000\040\000s\000i\000s\000t\000e\000m\000a}{chapter.10}% 46
\BOOKMARK [1][-]{section.10.2}{\376\377\000D\000e\000c\000i\000s\000i\000o\000n\000e\000s\000\040\000d\000e\000\040\000d\000i\000s\000e\000\361\000o}{chapter.10}% 47
\BOOKMARK [2][-]{subsection.10.2.1}{\376\377\000P\000e\000r\000i\000o\000d\000o\000\040\000d\000e\000\040\000m\000u\000e\000s\000t\000r\000e\000o}{section.10.2}% 48
\BOOKMARK [2][-]{subsection.10.2.2}{\376\377\000A\000l\000m\000a\000c\000e\000n\000a\000m\000i\000e\000n\000t\000o\000\040\000l\000o\000c\000a\000l\000\040\000r\000o\000b\000u\000s\000t\000o\000\040\000y\000\040\000s\000i\000m\000p\000l\000e}{section.10.2}% 49
\BOOKMARK [2][-]{subsection.10.2.3}{\376\377\000T\000o\000l\000e\000r\000a\000n\000c\000i\000a\000\040\000a\000\040\000d\000a\000t\000o\000s\000\040\000i\000n\000v\000\341\000l\000i\000d\000o\000s}{section.10.2}% 50
\BOOKMARK [2][-]{subsection.10.2.4}{\376\377\000R\000e\000f\000e\000r\000e\000n\000c\000i\000a\000\040\000t\000e\000m\000p\000o\000r\000a\000l\000\040\000e\000n\000\040\000c\000a\000d\000a\000\040\000m\000u\000e\000s\000t\000r\000a}{section.10.2}% 51
\BOOKMARK [2][-]{subsection.10.2.5}{\376\377\000T\000e\000n\000s\000i\000\363\000n\000\040\000d\000e\000\040\000t\000r\000a\000b\000a\000j\000o}{section.10.2}% 52
\BOOKMARK [2][-]{subsection.10.2.6}{\376\377\000M\000o\000d\000u\000l\000a\000r\000i\000d\000a\000d\000\040\000d\000e\000l\000\040\000s\000i\000s\000t\000e\000m\000a}{section.10.2}% 53
\BOOKMARK [2][-]{subsection.10.2.7}{\376\377\000P\000r\000o\000t\000o\000c\000o\000l\000o\000\040\000d\000e\000\040\000c\000o\000m\000u\000n\000i\000c\000a\000c\000i\000\363\000n\000\040\000i\000n\000a\000l\000\341\000m\000b\000r\000i\000c\000a}{section.10.2}% 54
\BOOKMARK [0][-]{chapter.11}{\376\377\000D\000i\000s\000e\000\361\000o\000\040\000h\000a\000r\000d\000w\000a\000r\000e}{}% 55
\BOOKMARK [1][-]{section.11.1}{\376\377\000S\000e\000l\000e\000c\000c\000i\000\363\000n\000\040\000d\000e\000\040\000c\000o\000m\000p\000o\000n\000e\000n\000t\000e\000s}{chapter.11}% 56
\BOOKMARK [2][-]{subsection.11.1.1}{\376\377\000G\000e\000s\000t\000i\000\363\000n\000\040\000d\000e\000\040\000p\000o\000t\000e\000n\000c\000i\000a\000\040\000\050\000P\000M\000I\000C\000\051}{section.11.1}% 57
\BOOKMARK [2][-]{subsection.11.1.2}{\376\377\000M\000o\000n\000i\000t\000o\000r\000e\000o\000\040\000d\000e\000\040\000p\000o\000t\000e\000n\000c\000i\000a}{section.11.1}% 58
\BOOKMARK [2][-]{subsection.11.1.3}{\376\377\000A\000l\000m\000a\000c\000e\000n\000a\000m\000i\000e\000n\000t\000o}{section.11.1}% 59
\BOOKMARK [2][-]{subsection.11.1.4}{\376\377\000S\000e\000n\000s\000o\000r\000\040\000d\000e\000\040\000i\000r\000r\000a\000d\000i\000a\000n\000c\000i\000a}{section.11.1}% 60
\BOOKMARK [2][-]{subsection.11.1.5}{\376\377\000S\000e\000n\000s\000o\000r\000\040\000d\000e\000\040\000t\000e\000m\000p\000e\000r\000a\000t\000u\000r\000a\000\040\000y\000\040\000h\000u\000m\000e\000d\000a\000d\000\040\000d\000e\000l\000\040\000a\000i\000r\000e}{section.11.1}% 61
\BOOKMARK [2][-]{subsection.11.1.6}{\376\377\000S\000e\000n\000s\000o\000r\000\040\000d\000e\000\040\000t\000e\000m\000p\000e\000r\000a\000t\000u\000r\000a\000\040\000d\000e\000l\000\040\000t\000e\000r\000r\000e\000n\000o}{section.11.1}% 62
\BOOKMARK [2][-]{subsection.11.1.7}{\376\377\000S\000e\000n\000s\000o\000r\000\040\000d\000e\000\040\000h\000u\000m\000e\000d\000a\000d\000\040\000d\000e\000l\000\040\000t\000e\000r\000r\000e\000n\000o}{section.11.1}% 63
\BOOKMARK [2][-]{subsection.11.1.8}{\376\377\000M\000i\000c\000r\000o\000c\000o\000n\000t\000r\000o\000l\000a\000d\000o\000r}{section.11.1}% 64
\BOOKMARK [1][-]{section.11.2}{\376\377\000A\000r\000q\000u\000i\000t\000e\000c\000t\000u\000r\000a\000\040\000d\000e\000l\000\040\000h\000a\000r\000d\000w\000a\000r\000e}{chapter.11}% 65
\BOOKMARK [2][-]{subsection.11.2.1}{\376\377\000I\000n\000t\000e\000r\000f\000a\000c\000e\000s\000\040\000y\000\040\000p\000r\000o\000t\000o\000c\000o\000l\000o\000s}{section.11.2}% 66
\BOOKMARK [1][-]{section.11.3}{\376\377\000P\000r\000u\000e\000b\000a\000\040\000d\000e\000\040\000c\000o\000n\000c\000e\000p\000t\000o}{chapter.11}% 67
\BOOKMARK [1][-]{section.11.4}{\376\377\000E\000s\000q\000u\000e\000m\000\341\000t\000i\000c\000o\000s}{chapter.11}% 68
\BOOKMARK [2][-]{subsection.11.4.1}{\376\377\000P\000o\000t\000e\000n\000c\000i\000a\000\040\000y\000\040\000a\000l\000i\000m\000e\000n\000t\000a\000c\000i\000\363\000n}{section.11.4}% 69
\BOOKMARK [2][-]{subsection.11.4.2}{\376\377\000M\000C\000U}{section.11.4}% 70
\BOOKMARK [2][-]{subsection.11.4.3}{\376\377\000C\000o\000n\000e\000x\000i\000o\000n\000e\000s\000\040\000e\000x\000t\000e\000r\000n\000a\000s}{section.11.4}% 71
\BOOKMARK [1][-]{section.11.5}{\376\377\000D\000i\000s\000e\000\361\000o\000\040\000P\000C\000B}{chapter.11}% 72
\BOOKMARK [2][-]{subsection.11.5.1}{\376\377\000A\000p\000i\000l\000a\000d\000o\000\040\000f\000i\000s\000i\000c\000o\000\040\000\050\000s\000t\000a\000c\000k\000-\000u\000p\000\051}{section.11.5}% 73
\BOOKMARK [2][-]{subsection.11.5.2}{\376\377\000R\000e\000q\000u\000e\000r\000i\000m\000i\000e\000n\000t\000o\000s\000\040\000d\000e\000\040\000J\000L\000C\000P\000C\000B}{section.11.5}% 74
\BOOKMARK [2][-]{subsection.11.5.3}{\376\377\000C\000o\000n\000d\000e\000n\000s\000a\000d\000o\000r\000e\000s\000\040\000d\000e\000\040\000d\000e\000s\000a\000c\000o\000p\000l\000o}{section.11.5}% 75
\BOOKMARK [2][-]{subsection.11.5.4}{\376\377\000I\000s\000l\000a\000s\000\040\000p\000a\000r\000a\000\040\000l\000o\000s\000\040\000c\000r\000i\000s\000t\000a\000l\000e\000s}{section.11.5}% 76
\BOOKMARK [2][-]{subsection.11.5.5}{\376\377\000R\000F}{section.11.5}% 77
\BOOKMARK [2][-]{subsection.11.5.6}{\376\377\000R\000e\000s\000u\000l\000t\000a\000d\000o\000\040\000f\000i\000n\000a\000l}{section.11.5}% 78
\BOOKMARK [1][-]{section.11.6}{\376\377\000F\000a\000b\000r\000i\000c\000a\000c\000i\000\363\000n\000\040\000y\000\040\000m\000o\000n\000t\000a\000j\000e}{chapter.11}% 79
\BOOKMARK [2][-]{subsection.11.6.1}{\376\377\000P\000r\000o\000c\000e\000s\000o\000\040\000d\000e\000\040\000e\000l\000e\000c\000c\000i\000\363\000n\000\040\000d\000e\000\040\000c\000o\000m\000p\000o\000n\000e\000n\000t\000e\000s\000\040\000d\000e\000\040\000J\000L\000C\000P\000C\000B}{section.11.6}% 80
\BOOKMARK [2][-]{subsection.11.6.2}{\376\377\000B\000O\000M}{section.11.6}% 81
\BOOKMARK [2][-]{subsection.11.6.3}{\376\377\000P\000r\000o\000c\000e\000s\000o\000\040\000d\000e\000\040\000e\000n\000s\000a\000m\000b\000l\000a\000j\000e}{section.11.6}% 82
\BOOKMARK [1][-]{section.11.7}{\376\377\000I\000n\000t\000e\000g\000r\000a\000c\000i\000\363\000n\000\040\000e\000n\000\040\000l\000a\000\040\000l\000a\000n\000z\000a}{chapter.11}% 83
\BOOKMARK [0][-]{chapter.12}{\376\377\000D\000e\000s\000a\000r\000r\000o\000l\000l\000o\000\040\000s\000o\000f\000t\000w\000a\000r\000e}{}% 84
\BOOKMARK [1][-]{section.12.1}{\376\377\000E\000n\000t\000o\000r\000n\000o\000\040\000y\000\040\000h\000e\000r\000r\000a\000m\000i\000e\000n\000t\000a\000s}{chapter.12}% 85
\BOOKMARK [1][-]{section.12.2}{\376\377\000A\000r\000q\000u\000i\000t\000e\000c\000t\000u\000r\000a\000\040\000d\000e\000l\000\040\000f\000i\000r\000m\000w\000a\000r\000e}{chapter.12}% 86
\BOOKMARK [1][-]{section.12.3}{\376\377\000D\000r\000i\000v\000e\000r\000s}{chapter.12}% 87
\BOOKMARK [2][-]{subsection.12.3.1}{\376\377\000I\000N\000A\0003\0002\0002\0001}{section.12.3}% 88
\BOOKMARK [2][-]{subsection.12.3.2}{\376\377\000M\000B\0008\0005\000R\000S\0002\0005\0006\000B}{section.12.3}% 89
\BOOKMARK [2][-]{subsection.12.3.3}{\376\377\000T\000S\000L\0002\0005\0009\0001}{section.12.3}% 90
\BOOKMARK [2][-]{subsection.12.3.4}{\376\377\000S\000H\000T\0003\000x}{section.12.3}% 91
\BOOKMARK [2][-]{subsection.12.3.5}{\376\377\000D\000S\0001\0008\000B\0002\0000}{section.12.3}% 92
\BOOKMARK [2][-]{subsection.12.3.6}{\376\377\000S\000E\000N\0000\0003\0000\0008}{section.12.3}% 93
\BOOKMARK [1][-]{section.12.4}{\376\377\000G\000e\000s\000t\000i\000\363\000n\000\040\000d\000e\000\040\000l\000a\000\040\000e\000n\000e\000r\000g\000\355\000a}{chapter.12}% 94
\BOOKMARK [1][-]{section.12.5}{\376\377\000G\000e\000s\000t\000i\000\363\000n\000\040\000d\000e\000\040\000l\000o\000s\000\040\000d\000a\000t\000o\000s}{chapter.12}% 95
\BOOKMARK [0][-]{chapter.13}{\376\377\000V\000a\000l\000i\000d\000a\000c\000i\000\363\000n\000\040\000y\000\040\000p\000r\000u\000e\000b\000a\000s}{}% 96
\BOOKMARK [1][-]{section.13.1}{\376\377\000P\000r\000u\000e\000b\000a\000s\000\040\000d\000e\000\040\000m\000e\000m\000o\000r\000i\000a}{chapter.13}% 97
\BOOKMARK [1][-]{section.13.2}{\376\377\000P\000r\000u\000e\000b\000a\000s\000\040\000d\000e\000\040\000a\000u\000t\000o\000n\000o\000m\000\355\000a}{chapter.13}% 98
\BOOKMARK [1][-]{section.13.3}{\376\377\000P\000r\000u\000e\000b\000a\000s\000\040\000d\000e\000\040\000s\000e\000n\000s\000o\000r\000e\000s}{chapter.13}% 99
\BOOKMARK [1][-]{section.13.4}{\376\377\000P\000r\000u\000e\000b\000a\000s\000\040\000d\000e\000\040\000c\000o\000n\000e\000x\000i\000\363\000n\000\040\000i\000n\000a\000l\000\341\000m\000b\000r\000i\000c\000a}{chapter.13}% 100
\BOOKMARK [0][-]{chapter.14}{\376\377\000C\000o\000n\000c\000l\000u\000s\000i\000o\000n\000e\000s\000\040\000y\000\040\000t\000r\000a\000b\000a\000j\000o\000\040\000f\000u\000t\000u\000r\000o}{}% 101
